mode: set
github.com/odpf/columbus/lib/set/set.go:11.51,13.20 2 1
github.com/odpf/columbus/lib/set/set.go:16.2,16.29 1 1
github.com/odpf/columbus/lib/set/set.go:13.20,15.3 1 1
github.com/odpf/columbus/lib/set/set.go:19.45,22.2 2 1
github.com/odpf/columbus/lib/set/set.go:24.55,26.54 2 1
github.com/odpf/columbus/lib/set/set.go:29.2,30.16 2 1
github.com/odpf/columbus/lib/set/set.go:33.2,33.31 1 1
github.com/odpf/columbus/lib/set/set.go:36.2,36.12 1 1
github.com/odpf/columbus/lib/set/set.go:26.54,28.3 1 0
github.com/odpf/columbus/lib/set/set.go:30.16,32.3 1 0
github.com/odpf/columbus/lib/set/set.go:33.31,35.3 1 1
github.com/odpf/columbus/lib/set/set.go:39.32,40.20 1 1
github.com/odpf/columbus/lib/set/set.go:40.20,42.3 1 1
github.com/odpf/columbus/lib/set/set.go:45.47,47.31 2 1
github.com/odpf/columbus/lib/set/set.go:50.2,50.11 1 1
github.com/odpf/columbus/lib/set/set.go:47.31,49.3 1 1
github.com/odpf/columbus/models/lineage.go:9.35,10.37 1 1
github.com/odpf/columbus/models/lineage.go:15.2,15.14 1 1
github.com/odpf/columbus/models/lineage.go:10.37,11.15 1 1
github.com/odpf/columbus/models/lineage.go:11.15,13.4 1 1
github.com/odpf/columbus/models/record.go:41.43,43.2 1 0
github.com/odpf/columbus/models/type.go:53.32,60.2 4 0
github.com/odpf/columbus/models/type.go:74.41,76.2 1 0
github.com/odpf/columbus/metrics/monitor.go:22.94,29.2 2 1
github.com/odpf/columbus/metrics/monitor.go:31.94,39.2 2 1
github.com/odpf/columbus/metrics/monitor.go:41.56,44.2 2 1
github.com/odpf/columbus/metrics/monitor.go:46.73,52.2 1 1
github.com/odpf/columbus/metrics/monitor.go:54.65,58.2 3 0
github.com/odpf/columbus/metrics/tags.go:10.31,12.2 1 1
github.com/odpf/columbus/lineage/builder.go:40.114,43.16 2 1
github.com/odpf/columbus/lineage/builder.go:47.2,48.27 2 1
github.com/odpf/columbus/lineage/builder.go:54.2,55.53 2 1
github.com/odpf/columbus/lineage/builder.go:43.16,45.3 1 0
github.com/odpf/columbus/lineage/builder.go:48.27,49.70 1 1
github.com/odpf/columbus/lineage/builder.go:49.70,51.4 1 0
github.com/odpf/columbus/lineage/builder.go:59.63,60.30 1 1
github.com/odpf/columbus/lineage/builder.go:60.30,64.45 1 1
github.com/odpf/columbus/lineage/builder.go:64.45,65.58 1 1
github.com/odpf/columbus/lineage/builder.go:65.58,67.5 1 1
github.com/odpf/columbus/lineage/builder.go:72.135,74.13 2 1
github.com/odpf/columbus/lineage/builder.go:77.2,78.12 2 1
github.com/odpf/columbus/lineage/builder.go:81.2,82.47 2 1
github.com/odpf/columbus/lineage/builder.go:85.2,85.8 1 1
github.com/odpf/columbus/lineage/builder.go:74.13,76.3 1 1
github.com/odpf/columbus/lineage/builder.go:78.12,80.3 1 0
github.com/odpf/columbus/lineage/builder.go:82.47,84.3 1 1
github.com/odpf/columbus/lineage/builder.go:88.91,89.13 1 1
github.com/odpf/columbus/lineage/builder.go:90.34,91.44 1 1
github.com/odpf/columbus/lineage/builder.go:92.36,93.42 1 0
github.com/odpf/columbus/lineage/builder.go:94.10,95.46 1 0
github.com/odpf/columbus/lineage/builder.go:102.130,106.16 3 1
github.com/odpf/columbus/lineage/builder.go:109.2,110.16 2 1
github.com/odpf/columbus/lineage/builder.go:113.2,113.33 1 1
github.com/odpf/columbus/lineage/builder.go:118.2,118.12 1 1
github.com/odpf/columbus/lineage/builder.go:106.16,108.3 1 0
github.com/odpf/columbus/lineage/builder.go:110.16,112.3 1 0
github.com/odpf/columbus/lineage/builder.go:113.33,114.76 1 1
github.com/odpf/columbus/lineage/builder.go:114.76,116.4 1 0
github.com/odpf/columbus/lineage/builder.go:123.141,125.9 2 1
github.com/odpf/columbus/lineage/builder.go:128.2,129.16 2 1
github.com/odpf/columbus/lineage/builder.go:132.2,141.12 3 1
github.com/odpf/columbus/lineage/builder.go:125.9,127.3 1 0
github.com/odpf/columbus/lineage/builder.go:129.16,131.3 1 0
github.com/odpf/columbus/lineage/builder.go:148.107,150.2 1 0
github.com/odpf/columbus/lineage/cache.go:19.69,24.12 5 1
github.com/odpf/columbus/lineage/cache.go:27.2,28.16 2 1
github.com/odpf/columbus/lineage/cache.go:31.2,34.20 4 1
github.com/odpf/columbus/lineage/cache.go:24.12,26.3 1 1
github.com/odpf/columbus/lineage/cache.go:28.16,30.3 1 1
github.com/odpf/columbus/lineage/cache.go:39.56,43.18 4 1
github.com/odpf/columbus/lineage/cache.go:46.2,46.34 1 1
github.com/odpf/columbus/lineage/cache.go:43.18,45.3 1 1
github.com/odpf/columbus/lineage/cache.go:49.43,54.2 1 1
github.com/odpf/columbus/lineage/graph.go:22.36,23.42 1 1
github.com/odpf/columbus/lineage/graph.go:31.2,31.8 1 1
github.com/odpf/columbus/lineage/graph.go:23.42,25.14 2 1
github.com/odpf/columbus/lineage/graph.go:29.3,29.17 1 1
github.com/odpf/columbus/lineage/graph.go:25.14,28.4 2 1
github.com/odpf/columbus/lineage/graph.go:34.70,36.33 1 1
github.com/odpf/columbus/lineage/graph.go:40.2,41.40 2 1
github.com/odpf/columbus/lineage/graph.go:50.2,50.18 1 1
github.com/odpf/columbus/lineage/graph.go:53.2,53.22 1 1
github.com/odpf/columbus/lineage/graph.go:36.33,38.3 1 1
github.com/odpf/columbus/lineage/graph.go:41.40,42.53 1 1
github.com/odpf/columbus/lineage/graph.go:45.3,45.41 1 1
github.com/odpf/columbus/lineage/graph.go:42.53,44.4 1 1
github.com/odpf/columbus/lineage/graph.go:45.41,47.4 1 1
github.com/odpf/columbus/lineage/graph.go:50.18,52.3 1 1
github.com/odpf/columbus/lineage/graph.go:56.89,57.33 1 1
github.com/odpf/columbus/lineage/graph.go:62.2,62.8 1 1
github.com/odpf/columbus/lineage/graph.go:57.33,61.3 3 1
github.com/odpf/columbus/lineage/graph.go:65.122,70.21 2 1
github.com/odpf/columbus/lineage/graph.go:87.2,87.18 1 1
github.com/odpf/columbus/lineage/graph.go:70.21,75.35 5 1
github.com/odpf/columbus/lineage/graph.go:75.35,77.15 2 1
github.com/odpf/columbus/lineage/graph.go:80.4,80.28 1 1
github.com/odpf/columbus/lineage/graph.go:84.4,84.35 1 1
github.com/odpf/columbus/lineage/graph.go:77.15,78.13 1 0
github.com/odpf/columbus/lineage/graph.go:80.28,82.13 2 1
github.com/odpf/columbus/lineage/graph.go:90.56,97.2 3 1
github.com/odpf/columbus/lineage/lineage.go:15.108,17.38 2 1
github.com/odpf/columbus/lineage/lineage.go:35.2,35.8 1 1
github.com/odpf/columbus/lineage/lineage.go:17.38,20.17 3 1
github.com/odpf/columbus/lineage/lineage.go:23.3,25.19 2 1
github.com/odpf/columbus/lineage/lineage.go:20.17,22.4 1 0
github.com/odpf/columbus/lineage/lineage.go:26.37,27.46 1 1
github.com/odpf/columbus/lineage/lineage.go:28.35,29.44 1 1
github.com/odpf/columbus/lineage/lineage.go:30.11,32.10 2 0
github.com/odpf/columbus/lineage/lineage.go:38.104,40.15 1 1
github.com/odpf/columbus/lineage/lineage.go:46.2,47.16 2 1
github.com/odpf/columbus/lineage/lineage.go:50.2,51.16 2 1
github.com/odpf/columbus/lineage/lineage.go:54.2,54.20 1 1
github.com/odpf/columbus/lineage/lineage.go:40.15,41.17 1 1
github.com/odpf/columbus/lineage/lineage.go:41.17,43.4 1 0
github.com/odpf/columbus/lineage/lineage.go:47.16,49.3 1 0
github.com/odpf/columbus/lineage/lineage.go:51.16,53.3 1 0
github.com/odpf/columbus/lineage/lineage.go:57.121,59.15 1 1
github.com/odpf/columbus/lineage/lineage.go:65.2,65.30 1 1
github.com/odpf/columbus/lineage/lineage.go:87.2,87.8 1 1
github.com/odpf/columbus/lineage/lineage.go:59.15,60.17 1 1
github.com/odpf/columbus/lineage/lineage.go:60.17,62.4 1 0
github.com/odpf/columbus/lineage/lineage.go:66.14,67.25 1 1
github.com/odpf/columbus/lineage/lineage.go:68.16,69.15 1 1
github.com/odpf/columbus/lineage/lineage.go:70.21,74.25 1 0
github.com/odpf/columbus/lineage/lineage.go:82.10,85.9 3 0
github.com/odpf/columbus/lineage/lineage.go:74.25,76.17 2 0
github.com/odpf/columbus/lineage/lineage.go:80.4,80.32 1 0
github.com/odpf/columbus/lineage/lineage.go:76.17,79.5 2 0
github.com/odpf/columbus/lineage/lineage.go:90.83,91.31 1 1
github.com/odpf/columbus/lineage/lineage.go:91.31,93.3 1 1
github.com/odpf/columbus/lineage/lineage.go:96.85,97.31 1 1
github.com/odpf/columbus/lineage/lineage.go:100.2,100.8 1 1
github.com/odpf/columbus/lineage/lineage.go:97.31,99.3 1 1
github.com/odpf/columbus/lineage/lineage.go:103.75,107.2 1 1
github.com/odpf/columbus/lineage/metrics.go:5.54,5.55 0 1
github.com/odpf/columbus/lineage/service.go:22.43,24.2 1 0
github.com/odpf/columbus/lineage/service.go:49.29,62.2 9 1
github.com/odpf/columbus/lineage/service.go:64.44,69.2 4 1
github.com/odpf/columbus/lineage/service.go:71.39,73.43 2 1
github.com/odpf/columbus/lineage/service.go:73.43,75.3 1 1
github.com/odpf/columbus/lineage/service.go:78.38,82.67 1 1
github.com/odpf/columbus/lineage/service.go:82.67,83.13 1 1
github.com/odpf/columbus/lineage/service.go:83.13,86.4 2 1
github.com/odpf/columbus/lineage/service.go:90.108,99.27 2 1
github.com/odpf/columbus/lineage/service.go:109.2,109.12 1 1
github.com/odpf/columbus/lineage/service.go:99.27,101.3 1 0
github.com/odpf/columbus/lineage/service.go:114.54,115.28 1 0
github.com/odpf/columbus/lineage/service.go:115.28,117.3 1 0
github.com/odpf/columbus/lineage/service.go:120.54,121.28 1 0
github.com/odpf/columbus/lineage/service.go:121.28,123.3 1 0
github.com/odpf/columbus/lineage/service.go:126.46,127.28 1 0
github.com/odpf/columbus/lineage/service.go:127.28,129.3 1 0
github.com/odpf/columbus/lineage/service.go:132.47,133.28 1 0
github.com/odpf/columbus/lineage/service.go:133.28,135.3 1 0
github.com/odpf/columbus/lineage/adjacency.go:20.84,21.13 1 1
github.com/odpf/columbus/lineage/adjacency.go:22.36,23.23 1 1
github.com/odpf/columbus/lineage/adjacency.go:24.34,25.21 1 1
github.com/odpf/columbus/lineage/adjacency.go:26.10,27.25 1 1
github.com/odpf/columbus/lineage/adjacency.go:31.37,36.28 2 1
github.com/odpf/columbus/lineage/adjacency.go:39.2,39.39 1 1
github.com/odpf/columbus/lineage/adjacency.go:36.28,38.3 1 1
github.com/odpf/columbus/web/response.go:25.82,30.2 4 1
github.com/odpf/columbus/web/search_handler.go:22.68,24.34 2 1
github.com/odpf/columbus/web/search_handler.go:33.2,33.15 1 1
github.com/odpf/columbus/web/search_handler.go:24.34,27.94 1 1
github.com/odpf/columbus/web/search_handler.go:30.3,31.29 2 1
github.com/odpf/columbus/web/search_handler.go:27.94,28.12 1 1
github.com/odpf/columbus/web/search_handler.go:36.61,37.53 1 1
github.com/odpf/columbus/web/search_handler.go:41.2,41.8 1 1
github.com/odpf/columbus/web/search_handler.go:37.53,40.3 2 1
github.com/odpf/columbus/web/search_handler.go:52.74,53.26 1 0
github.com/odpf/columbus/web/search_handler.go:56.79,58.12 2 1
github.com/odpf/columbus/web/search_handler.go:62.2,65.16 4 1
github.com/odpf/columbus/web/search_handler.go:68.2,69.17 2 1
github.com/odpf/columbus/web/search_handler.go:58.12,60.3 1 1
github.com/odpf/columbus/web/search_handler.go:65.16,67.3 1 1
github.com/odpf/columbus/web/search_handler.go:72.70,77.2 1 1
github.com/odpf/columbus/web/search_handler.go:79.84,81.13 2 1
github.com/odpf/columbus/web/search_handler.go:84.2,85.9 2 1
github.com/odpf/columbus/web/search_handler.go:88.2,88.23 1 1
github.com/odpf/columbus/web/search_handler.go:81.13,83.3 1 1
github.com/odpf/columbus/web/search_handler.go:85.9,87.3 1 0
github.com/odpf/columbus/web/search_handler.go:102.55,103.21 1 1
github.com/odpf/columbus/web/search_handler.go:106.2,108.21 3 1
github.com/odpf/columbus/web/search_handler.go:111.2,111.12 1 1
github.com/odpf/columbus/web/search_handler.go:103.21,105.3 1 1
github.com/odpf/columbus/web/search_handler.go:108.21,110.3 1 1
github.com/odpf/columbus/web/search_handler.go:114.39,116.2 1 1
github.com/odpf/columbus/web/search_handler.go:118.54,120.2 1 1
github.com/odpf/columbus/web/search_handler.go:129.81,131.2 1 1
github.com/odpf/columbus/web/search_handler.go:133.78,135.16 2 1
github.com/odpf/columbus/web/search_handler.go:139.2,140.16 2 1
github.com/odpf/columbus/web/search_handler.go:146.2,147.16 2 1
github.com/odpf/columbus/web/search_handler.go:156.2,156.21 1 1
github.com/odpf/columbus/web/search_handler.go:159.2,159.39 1 1
github.com/odpf/columbus/web/search_handler.go:135.16,138.3 2 1
github.com/odpf/columbus/web/search_handler.go:140.16,144.3 3 1
github.com/odpf/columbus/web/search_handler.go:147.16,151.3 3 1
github.com/odpf/columbus/web/search_handler.go:156.21,158.3 1 0
github.com/odpf/columbus/web/search_handler.go:162.102,164.16 2 1
github.com/odpf/columbus/web/search_handler.go:168.2,172.8 5 1
github.com/odpf/columbus/web/search_handler.go:164.16,167.3 2 1
github.com/odpf/columbus/web/search_handler.go:175.118,177.33 2 1
github.com/odpf/columbus/web/search_handler.go:212.2,212.8 1 1
github.com/odpf/columbus/web/search_handler.go:177.33,179.17 2 1
github.com/odpf/columbus/web/search_handler.go:183.3,195.36 4 1
github.com/odpf/columbus/web/search_handler.go:202.3,202.50 1 1
github.com/odpf/columbus/web/search_handler.go:210.3,210.35 1 1
github.com/odpf/columbus/web/search_handler.go:179.17,181.4 1 1
github.com/odpf/columbus/web/search_handler.go:195.36,199.12 2 1
github.com/odpf/columbus/web/search_handler.go:202.50,204.18 2 1
github.com/odpf/columbus/web/search_handler.go:207.4,207.29 1 1
github.com/odpf/columbus/web/search_handler.go:204.18,205.13 1 1
github.com/odpf/columbus/web/search_handler.go:215.122,228.2 3 1
github.com/odpf/columbus/web/type_handler.go:25.73,28.13 3 1
github.com/odpf/columbus/web/type_handler.go:32.2,34.36 3 1
github.com/odpf/columbus/web/type_handler.go:28.13,30.13 2 0
github.com/odpf/columbus/web/type_handler.go:37.13,40.54 3 1
github.com/odpf/columbus/web/type_handler.go:44.2,44.55 1 1
github.com/odpf/columbus/web/type_handler.go:40.54,43.3 2 1
github.com/odpf/columbus/web/type_handler.go:47.64,50.2 2 1
github.com/odpf/columbus/web/type_handler.go:52.43,54.2 1 1
github.com/odpf/columbus/web/type_handler.go:64.79,66.2 1 1
github.com/odpf/columbus/web/type_handler.go:68.89,71.16 3 1
github.com/odpf/columbus/web/type_handler.go:76.2,77.54 2 1
github.com/odpf/columbus/web/type_handler.go:82.2,83.16 2 1
github.com/odpf/columbus/web/type_handler.go:92.2,93.43 2 1
github.com/odpf/columbus/web/type_handler.go:71.16,74.3 2 1
github.com/odpf/columbus/web/type_handler.go:77.54,80.3 2 1
github.com/odpf/columbus/web/type_handler.go:83.16,91.3 4 1
github.com/odpf/columbus/web/type_handler.go:96.82,99.16 3 1
github.com/odpf/columbus/web/type_handler.go:108.2,110.16 3 1
github.com/odpf/columbus/web/type_handler.go:115.2,116.35 2 1
github.com/odpf/columbus/web/type_handler.go:124.2,124.28 1 1
github.com/odpf/columbus/web/type_handler.go:129.2,130.16 2 1
github.com/odpf/columbus/web/type_handler.go:138.2,138.63 1 1
github.com/odpf/columbus/web/type_handler.go:146.2,147.64 2 1
github.com/odpf/columbus/web/type_handler.go:99.16,101.46 2 1
github.com/odpf/columbus/web/type_handler.go:104.3,105.9 2 1
github.com/odpf/columbus/web/type_handler.go:101.46,103.4 1 1
github.com/odpf/columbus/web/type_handler.go:110.16,113.3 2 1
github.com/odpf/columbus/web/type_handler.go:116.35,117.68 1 1
github.com/odpf/columbus/web/type_handler.go:117.68,122.4 2 1
github.com/odpf/columbus/web/type_handler.go:124.28,127.3 2 1
github.com/odpf/columbus/web/type_handler.go:130.16,137.3 4 1
github.com/odpf/columbus/web/type_handler.go:138.63,145.3 4 1
github.com/odpf/columbus/web/type_handler.go:150.85,153.16 3 1
github.com/odpf/columbus/web/type_handler.go:159.2,160.16 2 1
github.com/odpf/columbus/web/type_handler.go:167.2,170.16 3 1
github.com/odpf/columbus/web/type_handler.go:178.2,179.29 2 1
github.com/odpf/columbus/web/type_handler.go:182.2,182.38 1 1
github.com/odpf/columbus/web/type_handler.go:153.16,157.3 3 1
github.com/odpf/columbus/web/type_handler.go:160.16,166.3 4 1
github.com/odpf/columbus/web/type_handler.go:170.16,176.3 4 1
github.com/odpf/columbus/web/type_handler.go:179.29,181.3 1 1
github.com/odpf/columbus/web/type_handler.go:185.83,194.16 4 1
github.com/odpf/columbus/web/type_handler.go:202.2,203.16 2 1
github.com/odpf/columbus/web/type_handler.go:212.2,213.16 2 1
github.com/odpf/columbus/web/type_handler.go:222.2,222.37 1 1
github.com/odpf/columbus/web/type_handler.go:194.16,201.3 4 1
github.com/odpf/columbus/web/type_handler.go:203.16,210.3 4 1
github.com/odpf/columbus/web/type_handler.go:213.16,221.3 4 1
github.com/odpf/columbus/web/type_handler.go:225.76,227.31 2 1
github.com/odpf/columbus/web/type_handler.go:234.2,234.8 1 1
github.com/odpf/columbus/web/type_handler.go:227.31,229.18 2 1
github.com/odpf/columbus/web/type_handler.go:232.3,232.33 1 1
github.com/odpf/columbus/web/type_handler.go:229.18,230.12 1 1
github.com/odpf/columbus/web/type_handler.go:237.125,238.33 1 1
github.com/odpf/columbus/web/type_handler.go:249.2,249.8 1 1
github.com/odpf/columbus/web/type_handler.go:238.33,240.32 2 1
github.com/odpf/columbus/web/type_handler.go:247.3,247.61 1 1
github.com/odpf/columbus/web/type_handler.go:240.32,242.11 2 1
github.com/odpf/columbus/web/type_handler.go:245.4,245.28 1 1
github.com/odpf/columbus/web/type_handler.go:242.11,243.13 1 0
github.com/odpf/columbus/web/type_handler.go:252.105,254.33 2 1
github.com/odpf/columbus/web/type_handler.go:267.2,267.12 1 1
github.com/odpf/columbus/web/type_handler.go:254.33,256.10 2 1
github.com/odpf/columbus/web/type_handler.go:259.3,260.10 2 1
github.com/odpf/columbus/web/type_handler.go:263.3,263.41 1 1
github.com/odpf/columbus/web/type_handler.go:256.10,258.4 1 1
github.com/odpf/columbus/web/type_handler.go:260.10,262.4 1 1
github.com/odpf/columbus/web/type_handler.go:263.41,265.4 1 1
github.com/odpf/columbus/web/type_handler.go:270.63,276.9 2 1
github.com/odpf/columbus/web/type_handler.go:288.2,288.35 1 1
github.com/odpf/columbus/web/type_handler.go:299.2,299.12 1 1
github.com/odpf/columbus/web/type_handler.go:277.26,278.42 1 1
github.com/odpf/columbus/web/type_handler.go:279.44,280.52 1 1
github.com/odpf/columbus/web/type_handler.go:281.56,282.86 1 1
github.com/odpf/columbus/web/type_handler.go:283.34,284.66 1 1
github.com/odpf/columbus/web/type_handler.go:285.31,286.63 1 1
github.com/odpf/columbus/web/type_handler.go:288.35,289.32 1 1
github.com/odpf/columbus/web/type_handler.go:292.3,292.42 1 1
github.com/odpf/columbus/web/type_handler.go:295.3,295.41 1 1
github.com/odpf/columbus/web/type_handler.go:289.32,291.4 1 1
github.com/odpf/columbus/web/type_handler.go:292.42,294.4 1 1
github.com/odpf/columbus/web/type_handler.go:295.41,297.4 1 1
github.com/odpf/columbus/web/type_handler.go:302.77,303.20 1 1
github.com/odpf/columbus/web/type_handler.go:307.2,307.88 1 1
github.com/odpf/columbus/web/type_handler.go:304.52,305.42 1 1
github.com/odpf/columbus/web/type_handler.go:310.120,323.2 4 1
github.com/odpf/columbus/web/type_handler.go:325.56,341.2 4 1
github.com/odpf/columbus/web/heartbeat_handler.go:16.84,18.2 1 1
github.com/odpf/columbus/web/heartbeat_handler.go:20.84,22.2 1 1
github.com/odpf/columbus/web/heartbeat_handler.go:24.46,30.2 3 1
github.com/odpf/columbus/web/json.go:8.72,12.2 3 1
github.com/odpf/columbus/web/json.go:14.74,19.2 2 1
github.com/odpf/columbus/web/lineage_handler.go:28.82,30.2 1 1
github.com/odpf/columbus/web/lineage_handler.go:32.84,34.16 2 1
github.com/odpf/columbus/web/lineage_handler.go:43.2,45.16 3 1
github.com/odpf/columbus/web/lineage_handler.go:57.2,57.34 1 1
github.com/odpf/columbus/web/lineage_handler.go:34.16,41.3 4 1
github.com/odpf/columbus/web/lineage_handler.go:45.16,51.46 3 1
github.com/odpf/columbus/web/lineage_handler.go:54.3,55.9 2 1
github.com/odpf/columbus/web/lineage_handler.go:51.46,53.4 1 1
github.com/odpf/columbus/web/lineage_handler.go:60.83,62.16 2 1
github.com/odpf/columbus/web/lineage_handler.go:68.2,75.16 6 1
github.com/odpf/columbus/web/lineage_handler.go:88.2,89.35 2 1
github.com/odpf/columbus/web/lineage_handler.go:97.2,98.34 2 1
github.com/odpf/columbus/web/lineage_handler.go:62.16,67.3 4 0
github.com/odpf/columbus/web/lineage_handler.go:75.16,81.46 3 0
github.com/odpf/columbus/web/lineage_handler.go:84.3,85.9 2 0
github.com/odpf/columbus/web/lineage_handler.go:81.46,83.4 1 0
github.com/odpf/columbus/web/lineage_handler.go:89.35,93.3 3 0
github.com/odpf/columbus/web/lineage_handler.go:101.108,107.44 3 1
github.com/odpf/columbus/web/lineage_handler.go:110.2,110.34 1 1
github.com/odpf/columbus/web/lineage_handler.go:107.44,109.3 1 1
github.com/odpf/columbus/web/lineage_handler.go:113.164,115.21 2 1
github.com/odpf/columbus/web/lineage_handler.go:128.2,128.8 1 1
github.com/odpf/columbus/web/lineage_handler.go:115.21,119.54 4 1
github.com/odpf/columbus/web/lineage_handler.go:119.54,121.15 2 1
github.com/odpf/columbus/web/lineage_handler.go:124.4,125.37 2 1
github.com/odpf/columbus/web/lineage_handler.go:121.15,122.13 1 0
github.com/odpf/columbus/web/lineage_handler.go:136.91,138.30 2 1
github.com/odpf/columbus/web/lineage_handler.go:143.2,143.15 1 1
github.com/odpf/columbus/web/lineage_handler.go:138.30,142.3 3 1
github.com/odpf/columbus/web/lineage_handler.go:146.105,148.24 2 1
github.com/odpf/columbus/web/lineage_handler.go:153.2,153.11 1 1
github.com/odpf/columbus/web/lineage_handler.go:148.24,149.38 1 1
github.com/odpf/columbus/web/lineage_handler.go:149.38,151.4 1 1
github.com/odpf/columbus/web/lineage_handler.go:156.73,162.2 2 1
github.com/odpf/columbus/web/lineage_handler.go:164.90,180.2 4 1
github.com/odpf/columbus/web/monitoring_middleware.go:15.71,17.2 1 1
github.com/odpf/columbus/web/monitoring_middleware.go:19.61,22.2 2 0
github.com/odpf/columbus/web/monitoring_middleware.go:26.85,27.71 1 1
github.com/odpf/columbus/web/monitoring_middleware.go:27.71,34.3 5 1
github.com/odpf/columbus/es/record_repository.go:33.82,36.16 2 1
github.com/odpf/columbus/es/record_repository.go:39.2,39.16 1 1
github.com/odpf/columbus/es/record_repository.go:43.2,44.16 2 1
github.com/odpf/columbus/es/record_repository.go:47.2,51.16 2 1
github.com/odpf/columbus/es/record_repository.go:54.2,55.19 2 1
github.com/odpf/columbus/es/record_repository.go:58.2,58.12 1 1
github.com/odpf/columbus/es/record_repository.go:36.16,38.3 1 0
github.com/odpf/columbus/es/record_repository.go:39.16,41.3 1 1
github.com/odpf/columbus/es/record_repository.go:44.16,46.3 1 0
github.com/odpf/columbus/es/record_repository.go:51.16,53.3 1 0
github.com/odpf/columbus/es/record_repository.go:55.19,57.3 1 0
github.com/odpf/columbus/es/record_repository.go:61.99,63.33 2 1
github.com/odpf/columbus/es/record_repository.go:73.2,73.21 1 1
github.com/odpf/columbus/es/record_repository.go:63.33,65.17 2 1
github.com/odpf/columbus/es/record_repository.go:68.3,69.17 2 1
github.com/odpf/columbus/es/record_repository.go:65.17,67.4 1 0
github.com/odpf/columbus/es/record_repository.go:69.17,71.4 1 0
github.com/odpf/columbus/es/record_repository.go:76.90,78.9 2 1
github.com/odpf/columbus/es/record_repository.go:81.2,81.33 1 1
github.com/odpf/columbus/es/record_repository.go:84.2,91.42 3 1
github.com/odpf/columbus/es/record_repository.go:78.9,80.3 1 0
github.com/odpf/columbus/es/record_repository.go:81.33,83.3 1 0
github.com/odpf/columbus/es/record_repository.go:94.92,98.16 2 1
github.com/odpf/columbus/es/record_repository.go:102.2,108.16 2 1
github.com/odpf/columbus/es/record_repository.go:111.2,112.20 2 1
github.com/odpf/columbus/es/record_repository.go:116.2,118.16 3 1
github.com/odpf/columbus/es/record_repository.go:121.2,123.6 3 1
github.com/odpf/columbus/es/record_repository.go:134.2,134.21 1 1
github.com/odpf/columbus/es/record_repository.go:98.16,100.3 1 0
github.com/odpf/columbus/es/record_repository.go:108.16,110.3 1 0
github.com/odpf/columbus/es/record_repository.go:112.20,114.3 1 0
github.com/odpf/columbus/es/record_repository.go:118.16,120.3 1 0
github.com/odpf/columbus/es/record_repository.go:123.6,126.17 3 1
github.com/odpf/columbus/es/record_repository.go:129.3,129.28 1 1
github.com/odpf/columbus/es/record_repository.go:132.3,132.44 1 0
github.com/odpf/columbus/es/record_repository.go:126.17,128.4 1 0
github.com/odpf/columbus/es/record_repository.go:129.28,130.9 1 1
github.com/odpf/columbus/es/record_repository.go:137.95,142.16 2 1
github.com/odpf/columbus/es/record_repository.go:145.2,146.20 2 1
github.com/odpf/columbus/es/record_repository.go:149.2,152.16 4 1
github.com/odpf/columbus/es/record_repository.go:155.2,155.60 1 1
github.com/odpf/columbus/es/record_repository.go:142.16,144.3 1 0
github.com/odpf/columbus/es/record_repository.go:146.20,148.3 1 0
github.com/odpf/columbus/es/record_repository.go:152.16,154.3 1 0
github.com/odpf/columbus/es/record_repository.go:158.90,159.38 1 1
github.com/odpf/columbus/es/record_repository.go:162.2,162.8 1 1
github.com/odpf/columbus/es/record_repository.go:159.38,161.3 1 1
github.com/odpf/columbus/es/record_repository.go:165.91,166.23 1 1
github.com/odpf/columbus/es/record_repository.go:169.2,169.33 1 1
github.com/odpf/columbus/es/record_repository.go:166.23,168.3 1 1
github.com/odpf/columbus/es/record_repository.go:172.57,174.2 1 1
github.com/odpf/columbus/es/record_repository.go:176.90,178.38 2 1
github.com/odpf/columbus/es/record_repository.go:186.2,188.16 3 1
github.com/odpf/columbus/es/record_repository.go:191.2,193.54 3 1
github.com/odpf/columbus/es/record_repository.go:178.38,180.33 2 1
github.com/odpf/columbus/es/record_repository.go:183.3,184.77 2 1
github.com/odpf/columbus/es/record_repository.go:180.33,182.4 1 1
github.com/odpf/columbus/es/record_repository.go:188.16,190.3 1 0
github.com/odpf/columbus/es/record_repository.go:196.73,198.16 2 1
github.com/odpf/columbus/es/record_repository.go:201.2,203.19 2 1
github.com/odpf/columbus/es/record_repository.go:210.2,212.16 3 1
github.com/odpf/columbus/es/record_repository.go:215.2,215.29 1 1
github.com/odpf/columbus/es/record_repository.go:198.16,200.3 1 0
github.com/odpf/columbus/es/record_repository.go:203.19,204.44 1 1
github.com/odpf/columbus/es/record_repository.go:207.3,207.80 1 0
github.com/odpf/columbus/es/record_repository.go:204.44,206.4 1 1
github.com/odpf/columbus/es/record_repository.go:212.16,214.3 1 0
github.com/odpf/columbus/es/record_repository.go:224.102,229.2 1 1
github.com/odpf/columbus/es/record_repository.go:231.85,235.2 1 1
github.com/odpf/columbus/es/search.go:20.55,21.31 1 1
github.com/odpf/columbus/es/search.go:26.2,26.12 1 0
github.com/odpf/columbus/es/search.go:21.31,22.21 1 1
github.com/odpf/columbus/es/search.go:22.21,24.4 1 1
github.com/odpf/columbus/es/search.go:33.74,44.31 3 1
github.com/odpf/columbus/es/search.go:49.2,50.61 2 1
github.com/odpf/columbus/es/search.go:44.31,47.3 2 1
github.com/odpf/columbus/es/search.go:94.84,95.39 1 1
github.com/odpf/columbus/es/search.go:98.2,99.16 2 1
github.com/odpf/columbus/es/search.go:102.2,103.21 2 1
github.com/odpf/columbus/es/search.go:106.2,112.16 2 1
github.com/odpf/columbus/es/search.go:116.2,118.16 3 1
github.com/odpf/columbus/es/search.go:121.2,121.52 1 1
github.com/odpf/columbus/es/search.go:95.39,97.3 1 1
github.com/odpf/columbus/es/search.go:99.16,101.3 1 0
github.com/odpf/columbus/es/search.go:103.21,105.3 1 1
github.com/odpf/columbus/es/search.go:112.16,114.3 1 0
github.com/odpf/columbus/es/search.go:118.16,120.3 1 0
github.com/odpf/columbus/es/search.go:124.59,126.2 1 1
github.com/odpf/columbus/es/search.go:128.94,129.37 1 1
github.com/odpf/columbus/es/search.go:133.2,133.8 1 1
github.com/odpf/columbus/es/search.go:129.37,132.3 2 1
github.com/odpf/columbus/es/search.go:136.76,142.16 3 1
github.com/odpf/columbus/es/search.go:145.2,147.52 3 1
github.com/odpf/columbus/es/search.go:142.16,144.3 1 0
github.com/odpf/columbus/es/search.go:150.87,151.27 1 1
github.com/odpf/columbus/es/search.go:157.2,157.8 1 1
github.com/odpf/columbus/es/search.go:151.27,156.3 1 1
github.com/odpf/columbus/es/search.go:160.69,163.9 3 1
github.com/odpf/columbus/es/search.go:164.22,166.38 2 1
github.com/odpf/columbus/es/search.go:171.3,171.17 1 1
github.com/odpf/columbus/es/search.go:172.22,173.63 1 1
github.com/odpf/columbus/es/search.go:174.10,175.38 1 1
github.com/odpf/columbus/es/search.go:166.38,167.32 1 1
github.com/odpf/columbus/es/search.go:167.32,169.5 1 1
github.com/odpf/columbus/es/search.go:184.88,187.36 2 1
github.com/odpf/columbus/es/search.go:194.2,198.8 1 1
github.com/odpf/columbus/es/search.go:187.36,188.26 1 1
github.com/odpf/columbus/es/search.go:191.3,191.27 1 1
github.com/odpf/columbus/es/search.go:188.26,190.4 1 1
github.com/odpf/columbus/es/type_repository.go:43.66,45.16 2 1
github.com/odpf/columbus/es/type_repository.go:48.2,48.78 1 1
github.com/odpf/columbus/es/type_repository.go:45.16,47.3 1 0
github.com/odpf/columbus/es/type_repository.go:51.39,54.2 2 1
github.com/odpf/columbus/es/type_repository.go:62.76,65.16 3 1
github.com/odpf/columbus/es/type_repository.go:69.2,75.16 2 1
github.com/odpf/columbus/es/type_repository.go:78.2,79.19 2 1
github.com/odpf/columbus/es/type_repository.go:82.2,82.12 1 1
github.com/odpf/columbus/es/type_repository.go:65.16,67.3 1 0
github.com/odpf/columbus/es/type_repository.go:75.16,77.3 1 0
github.com/odpf/columbus/es/type_repository.go:79.19,81.3 1 0
github.com/odpf/columbus/es/type_repository.go:85.69,87.16 2 1
github.com/odpf/columbus/es/type_repository.go:90.2,94.16 2 1
github.com/odpf/columbus/es/type_repository.go:97.2,98.19 2 1
github.com/odpf/columbus/es/type_repository.go:101.2,101.12 1 1
github.com/odpf/columbus/es/type_repository.go:87.16,89.3 1 0
github.com/odpf/columbus/es/type_repository.go:94.16,96.3 1 0
github.com/odpf/columbus/es/type_repository.go:98.19,100.3 1 0
github.com/odpf/columbus/es/type_repository.go:104.69,106.16 2 1
github.com/odpf/columbus/es/type_repository.go:109.2,113.16 2 1
github.com/odpf/columbus/es/type_repository.go:116.2,117.19 2 1
github.com/odpf/columbus/es/type_repository.go:120.2,120.12 1 1
github.com/odpf/columbus/es/type_repository.go:106.16,108.3 1 0
github.com/odpf/columbus/es/type_repository.go:113.16,115.3 1 0
github.com/odpf/columbus/es/type_repository.go:117.19,119.3 1 0
github.com/odpf/columbus/es/type_repository.go:123.75,125.37 1 1
github.com/odpf/columbus/es/type_repository.go:132.2,133.16 2 1
github.com/odpf/columbus/es/type_repository.go:138.2,138.58 1 1
github.com/odpf/columbus/es/type_repository.go:143.2,143.15 1 1
github.com/odpf/columbus/es/type_repository.go:148.2,148.16 1 1
github.com/odpf/columbus/es/type_repository.go:152.2,152.12 1 1
github.com/odpf/columbus/es/type_repository.go:125.37,127.3 1 1
github.com/odpf/columbus/es/type_repository.go:133.16,135.3 1 0
github.com/odpf/columbus/es/type_repository.go:138.58,140.3 1 0
github.com/odpf/columbus/es/type_repository.go:143.15,145.3 1 1
github.com/odpf/columbus/es/type_repository.go:145.8,147.3 1 1
github.com/odpf/columbus/es/type_repository.go:148.16,150.3 1 0
github.com/odpf/columbus/es/type_repository.go:155.73,161.16 2 1
github.com/odpf/columbus/es/type_repository.go:164.2,165.19 2 1
github.com/odpf/columbus/es/type_repository.go:172.2,175.68 2 1
github.com/odpf/columbus/es/type_repository.go:178.2,178.29 1 1
github.com/odpf/columbus/es/type_repository.go:161.16,163.3 1 0
github.com/odpf/columbus/es/type_repository.go:165.19,166.44 1 0
github.com/odpf/columbus/es/type_repository.go:169.3,169.106 1 0
github.com/odpf/columbus/es/type_repository.go:166.44,168.4 1 0
github.com/odpf/columbus/es/type_repository.go:175.68,177.3 1 0
github.com/odpf/columbus/es/type_repository.go:181.53,183.2 1 0
github.com/odpf/columbus/es/type_repository.go:185.61,199.16 3 1
github.com/odpf/columbus/es/type_repository.go:203.2,204.38 2 1
github.com/odpf/columbus/es/type_repository.go:215.2,215.19 1 1
github.com/odpf/columbus/es/type_repository.go:199.16,201.3 1 0
github.com/odpf/columbus/es/type_repository.go:204.38,206.69 2 1
github.com/odpf/columbus/es/type_repository.go:209.3,210.73 2 1
github.com/odpf/columbus/es/type_repository.go:213.3,213.36 1 1
github.com/odpf/columbus/es/type_repository.go:206.69,208.4 1 0
github.com/odpf/columbus/es/type_repository.go:210.73,212.4 1 0
github.com/odpf/columbus/es/type_repository.go:218.67,222.2 1 1
github.com/odpf/columbus/es/es.go:15.58,26.16 4 0
github.com/odpf/columbus/es/es.go:29.2,29.30 1 0
github.com/odpf/columbus/es/es.go:26.16,28.3 1 0
github.com/odpf/columbus/es/es.go:33.72,35.16 2 1
github.com/odpf/columbus/es/es.go:38.2,39.35 2 1
github.com/odpf/columbus/es/es.go:35.16,37.3 1 0
github.com/odpf/columbus/es/es.go:44.42,46.2 1 0
github.com/odpf/columbus/es/mapping.go:24.56,28.36 2 1
github.com/odpf/columbus/es/mapping.go:35.2,36.61 2 1
github.com/odpf/columbus/es/mapping.go:39.2,39.26 1 1
github.com/odpf/columbus/es/mapping.go:28.36,34.3 1 1
github.com/odpf/columbus/es/mapping.go:36.61,38.3 1 0
